Build started 4/1/2013 9:22:16 PM.
     1>Project "E:\PBA2\final\fluidsim\fluidsim\fluidsim\fluidsim.vcxproj" on node 2 (build target(s)).
     1>InitializeBuildStatus:
         Creating "Debug\fluidsim.unsuccessfulbuild" because "AlwaysCreate" was specified.
       ClCompile:
         c:\Program Files (x86)\Microsoft Visual Studio 10.0\VC\bin\CL.exe /c /I../glm /I../glew/include /I../glfw/include /ZI /nologo /W3 /WX- /Od /Oy- /D WIN32 /D _DEBUG /D _CONSOLE /D _UNICODE /D UNICODE /Gm /EHsc /RTC1 /MDd /GS /fp:precise /Zc:wchar_t /Zc:forScope /Fo"Debug\\" /Fd"Debug\vc100.pdb" /Gd /TP /analyze- /errorReport:prompt Source\particleSystem.cpp
         particleSystem.cpp
     1>e:\pba2\final\fluidsim\fluidsim\glm\core\func_common.hpp : warning C4819: The file contains a character that cannot be represented in the current code page (936). Save the file in Unicode format to prevent data loss
     1>e:\pba2\final\fluidsim\fluidsim\glm\core\func_common.inl : warning C4819: The file contains a character that cannot be represented in the current code page (936). Save the file in Unicode format to prevent data loss
     1>e:\pba2\final\fluidsim\fluidsim\glm\core\func_integer.hpp : warning C4819: The file contains a character that cannot be represented in the current code page (936). Save the file in Unicode format to prevent data loss
     1>e:\pba2\final\fluidsim\fluidsim\fluidsim\source\particlesystem.cpp(9): warning C4305: 'initializing' : truncation from 'double' to 'float'
     1>e:\pba2\final\fluidsim\fluidsim\fluidsim\source\particlesystem.cpp(77): warning C4244: 'initializing' : conversion from 'double' to 'float', possible loss of data
     1>e:\pba2\final\fluidsim\fluidsim\fluidsim\source\particlesystem.cpp(78): warning C4244: 'initializing' : conversion from 'double' to 'float', possible loss of data
     1>e:\pba2\final\fluidsim\fluidsim\fluidsim\source\particlesystem.cpp(81): warning C4244: 'initializing' : conversion from 'float' to 'int', possible loss of data
     1>e:\pba2\final\fluidsim\fluidsim\fluidsim\source\particlesystem.cpp(95): warning C4244: 'initializing' : conversion from 'float' to 'int', possible loss of data
     1>e:\pba2\final\fluidsim\fluidsim\fluidsim\source\particlesystem.cpp(102): warning C4244: 'initializing' : conversion from 'float' to 'int', possible loss of data
     1>e:\pba2\final\fluidsim\fluidsim\fluidsim\source\particlesystem.cpp(103): warning C4244: '=' : conversion from 'float' to 'unsigned short', possible loss of data
     1>e:\pba2\final\fluidsim\fluidsim\fluidsim\source\particlesystem.cpp(104): warning C4244: '=' : conversion from 'float' to 'unsigned short', possible loss of data
     1>e:\pba2\final\fluidsim\fluidsim\fluidsim\source\particlesystem.cpp(105): warning C4244: '=' : conversion from 'float' to 'unsigned short', possible loss of data
     1>e:\pba2\final\fluidsim\fluidsim\fluidsim\source\particlesystem.cpp(107): warning C4244: '=' : conversion from 'float' to 'unsigned short', possible loss of data
     1>e:\pba2\final\fluidsim\fluidsim\fluidsim\source\particlesystem.cpp(108): warning C4244: '=' : conversion from 'float' to 'unsigned short', possible loss of data
     1>e:\pba2\final\fluidsim\fluidsim\fluidsim\source\particlesystem.cpp(109): warning C4244: '=' : conversion from 'float' to 'unsigned short', possible loss of data
     1>e:\pba2\final\fluidsim\fluidsim\fluidsim\source\particlesystem.cpp(126): warning C4018: '<' : signed/unsigned mismatch
     1>e:\pba2\final\fluidsim\fluidsim\fluidsim\source\particlesystem.cpp(132): warning C4018: '<' : signed/unsigned mismatch
     1>e:\pba2\final\fluidsim\fluidsim\fluidsim\source\particlesystem.cpp(137): warning C4018: '<' : signed/unsigned mismatch
     1>e:\pba2\final\fluidsim\fluidsim\fluidsim\source\particlesystem.cpp(141): warning C4018: '<' : signed/unsigned mismatch
     1>e:\pba2\final\fluidsim\fluidsim\fluidsim\source\particlesystem.cpp(163): warning C4244: 'initializing' : conversion from 'double' to 'float', possible loss of data
     1>e:\pba2\final\fluidsim\fluidsim\fluidsim\source\particlesystem.cpp(173): warning C4244: 'initializing' : conversion from 'double' to 'float', possible loss of data
     1>e:\pba2\final\fluidsim\fluidsim\fluidsim\source\particlesystem.cpp(185): warning C4244: 'return' : conversion from 'double' to 'float', possible loss of data
     1>e:\pba2\final\fluidsim\fluidsim\fluidsim\source\particlesystem.cpp(194): warning C4244: 'return' : conversion from 'double' to 'float', possible loss of data
     1>e:\pba2\final\fluidsim\fluidsim\fluidsim\source\particlesystem.cpp(203): warning C4244: 'initializing' : conversion from 'double' to 'float', possible loss of data
     1>e:\pba2\final\fluidsim\fluidsim\fluidsim\source\particlesystem.cpp(213): warning C4244: 'return' : conversion from 'double' to 'float', possible loss of data
     1>e:\pba2\final\fluidsim\fluidsim\fluidsim\source\particlesystem.cpp(220): warning C4244: 'return' : conversion from 'double' to 'float', possible loss of data
     1>e:\pba2\final\fluidsim\fluidsim\fluidsim\source\particlesystem.cpp(244): warning C4018: '<' : signed/unsigned mismatch
     1>e:\pba2\final\fluidsim\fluidsim\fluidsim\source\particlesystem.cpp(277): warning C4018: '<' : signed/unsigned mismatch
     1>e:\pba2\final\fluidsim\fluidsim\fluidsim\source\particlesystem.cpp(297): warning C4244: '=' : conversion from 'float' to 'int', possible loss of data
     1>e:\pba2\final\fluidsim\fluidsim\fluidsim\source\particlesystem.cpp(341): warning C4244: 'argument' : conversion from 'float' to 'unsigned int', possible loss of data
       ManifestResourceCompile:
         All outputs are up-to-date.
       Link:
         c:\Program Files (x86)\Microsoft Visual Studio 10.0\VC\bin\link.exe /ERRORREPORT:PROMPT /OUT:"E:\PBA2\final\fluidsim\fluidsim\Debug\fluidsim.exe" /INCREMENTAL /NOLOGO /LIBPATH:../glew/lib /LIBPATH:../glfw/lib glew32.lib glu32.lib opengl32.lib glfw.lib glfwdll.lib kernel32.lib user32.lib gdi32.lib winspool.lib comdlg32.lib advapi32.lib shell32.lib ole32.lib oleaut32.lib uuid.lib odbc32.lib odbccp32.lib /MANIFEST /ManifestFile:"Debug\fluidsim.exe.intermediate.manifest" /MANIFESTUAC:"level='asInvoker' uiAccess='false'" /DEBUG /PDB:"E:\PBA2\final\fluidsim\fluidsim\Debug\fluidsim.pdb" /SUBSYSTEM:CONSOLE /TLBID:1 /DYNAMICBASE /NXCOMPAT /IMPLIB:"E:\PBA2\final\fluidsim\fluidsim\Debug\fluidsim.lib" /MACHINE:X86 Debug\fluidsim.exe.embed.manifest.res
         Debug\main.obj
         Debug\particleSystem.obj
       Manifest:
         c:\Program Files (x86)\Microsoft SDKs\Windows\v7.0A\bin\mt.exe /nologo /verbose /out:"Debug\fluidsim.exe.embed.manifest" /manifest Debug\fluidsim.exe.intermediate.manifest
         All outputs are up-to-date.
       LinkEmbedManifest:
         All outputs are up-to-date.
         fluidsim.vcxproj -> E:\PBA2\final\fluidsim\fluidsim\Debug\fluidsim.exe
       FinalizeBuildStatus:
         Deleting file "Debug\fluidsim.unsuccessfulbuild".
         Touching "Debug\fluidsim.lastbuildstate".
     1>Done Building Project "E:\PBA2\final\fluidsim\fluidsim\fluidsim\fluidsim.vcxproj" (build target(s)).

Build succeeded.

Time Elapsed 00:00:01.41
